{"C:\\Users\\lukeg\\IdeaProjects\\encrypt-async-cache\\src\\FileSystemCache.js": {"path":"C:\\Users\\lukeg\\IdeaProjects\\encrypt-async-cache\\src\\FileSystemCache.js","statementMap":{"0":{"start":{"line":2,"column":0},"end":{"line":2,"column":26}},"1":{"start":{"line":3,"column":9},"end":{"line":3,"column":22}},"2":{"start":{"line":4,"column":9},"end":{"line":4,"column":22}},"3":{"start":{"line":5,"column":13},"end":{"line":5,"column":30}},"4":{"start":{"line":6,"column":11},"end":{"line":6,"column":26}},"5":{"start":{"line":7,"column":23},"end":{"line":80,"column":3}},"6":{"start":{"line":9,"column":8},"end":{"line":9,"column":44}},"7":{"start":{"line":10,"column":8},"end":{"line":10,"column":37}},"8":{"start":{"line":11,"column":8},"end":{"line":11,"column":81}},"9":{"start":{"line":12,"column":8},"end":{"line":14,"column":9}},"10":{"start":{"line":13,"column":12},"end":{"line":13,"column":45}},"11":{"start":{"line":16,"column":4},"end":{"line":29,"column":6}},"12":{"start":{"line":17,"column":20},"end":{"line":17,"column":24}},"13":{"start":{"line":18,"column":29},"end":{"line":18,"column":48}},"14":{"start":{"line":19,"column":8},"end":{"line":28,"column":11}},"15":{"start":{"line":20,"column":12},"end":{"line":27,"column":15}},"16":{"start":{"line":21,"column":16},"end":{"line":26,"column":17}},"17":{"start":{"line":22,"column":20},"end":{"line":22,"column":34}},"18":{"start":{"line":25,"column":20},"end":{"line":25,"column":34}},"19":{"start":{"line":30,"column":4},"end":{"line":42,"column":6}},"20":{"start":{"line":31,"column":20},"end":{"line":31,"column":24}},"21":{"start":{"line":32,"column":8},"end":{"line":41,"column":11}},"22":{"start":{"line":33,"column":12},"end":{"line":40,"column":15}},"23":{"start":{"line":34,"column":16},"end":{"line":39,"column":17}},"24":{"start":{"line":35,"column":20},"end":{"line":35,"column":32}},"25":{"start":{"line":38,"column":20},"end":{"line":38,"column":60}},"26":{"start":{"line":43,"column":4},"end":{"line":52,"column":6}},"27":{"start":{"line":44,"column":20},"end":{"line":44,"column":24}},"28":{"start":{"line":45,"column":8},"end":{"line":51,"column":11}},"29":{"start":{"line":46,"column":31},"end":{"line":46,"column":61}},"30":{"start":{"line":47,"column":12},"end":{"line":47,"column":56}},"31":{"start":{"line":48,"column":12},"end":{"line":50,"column":15}},"32":{"start":{"line":49,"column":16},"end":{"line":49,"column":52}},"33":{"start":{"line":53,"column":4},"end":{"line":72,"column":6}},"34":{"start":{"line":54,"column":20},"end":{"line":54,"column":24}},"35":{"start":{"line":55,"column":8},"end":{"line":71,"column":11}},"36":{"start":{"line":56,"column":12},"end":{"line":70,"column":15}},"37":{"start":{"line":57,"column":16},"end":{"line":59,"column":17}},"38":{"start":{"line":58,"column":20},"end":{"line":58,"column":34}},"39":{"start":{"line":60,"column":41},"end":{"line":60,"column":43}},"40":{"start":{"line":61,"column":16},"end":{"line":64,"column":17}},"41":{"start":{"line":61,"column":30},"end":{"line":61,"column":31}},"42":{"start":{"line":61,"column":43},"end":{"line":61,"column":48}},"43":{"start":{"line":62,"column":31},"end":{"line":62,"column":42}},"44":{"start":{"line":63,"column":20},"end":{"line":63,"column":64}},"45":{"start":{"line":65,"column":16},"end":{"line":69,"column":19}},"46":{"start":{"line":66,"column":20},"end":{"line":66,"column":34}},"47":{"start":{"line":68,"column":20},"end":{"line":68,"column":34}},"48":{"start":{"line":73,"column":4},"end":{"line":75,"column":6}},"49":{"start":{"line":74,"column":8},"end":{"line":74,"column":58}},"50":{"start":{"line":76,"column":4},"end":{"line":78,"column":6}},"51":{"start":{"line":77,"column":8},"end":{"line":77,"column":54}},"52":{"start":{"line":79,"column":4},"end":{"line":79,"column":27}},"53":{"start":{"line":81,"column":0},"end":{"line":81,"column":42}}},"fnMap":{"0":{"name":"(anonymous_0)","decl":{"start":{"line":7,"column":23},"end":{"line":7,"column":24}},"loc":{"start":{"line":7,"column":35},"end":{"line":80,"column":1}},"line":7},"1":{"name":"FileSystemCache","decl":{"start":{"line":8,"column":13},"end":{"line":8,"column":28}},"loc":{"start":{"line":8,"column":52},"end":{"line":15,"column":5}},"line":8},"2":{"name":"(anonymous_2)","decl":{"start":{"line":16,"column":36},"end":{"line":16,"column":37}},"loc":{"start":{"line":16,"column":57},"end":{"line":29,"column":5}},"line":16},"3":{"name":"(anonymous_3)","decl":{"start":{"line":19,"column":27},"end":{"line":19,"column":28}},"loc":{"start":{"line":19,"column":54},"end":{"line":28,"column":9}},"line":19},"4":{"name":"(anonymous_4)","decl":{"start":{"line":20,"column":96},"end":{"line":20,"column":97}},"loc":{"start":{"line":20,"column":111},"end":{"line":27,"column":13}},"line":20},"5":{"name":"(anonymous_5)","decl":{"start":{"line":30,"column":36},"end":{"line":30,"column":37}},"loc":{"start":{"line":30,"column":50},"end":{"line":42,"column":5}},"line":30},"6":{"name":"(anonymous_6)","decl":{"start":{"line":32,"column":27},"end":{"line":32,"column":28}},"loc":{"start":{"line":32,"column":54},"end":{"line":41,"column":9}},"line":32},"7":{"name":"(anonymous_7)","decl":{"start":{"line":33,"column":79},"end":{"line":33,"column":80}},"loc":{"start":{"line":33,"column":100},"end":{"line":40,"column":13}},"line":33},"8":{"name":"(anonymous_8)","decl":{"start":{"line":43,"column":39},"end":{"line":43,"column":40}},"loc":{"start":{"line":43,"column":53},"end":{"line":52,"column":5}},"line":43},"9":{"name":"(anonymous_9)","decl":{"start":{"line":45,"column":27},"end":{"line":45,"column":28}},"loc":{"start":{"line":45,"column":54},"end":{"line":51,"column":9}},"line":45},"10":{"name":"(anonymous_10)","decl":{"start":{"line":48,"column":36},"end":{"line":48,"column":37}},"loc":{"start":{"line":48,"column":51},"end":{"line":50,"column":13}},"line":48},"11":{"name":"(anonymous_11)","decl":{"start":{"line":53,"column":38},"end":{"line":53,"column":39}},"loc":{"start":{"line":53,"column":50},"end":{"line":72,"column":5}},"line":53},"12":{"name":"(anonymous_12)","decl":{"start":{"line":55,"column":27},"end":{"line":55,"column":28}},"loc":{"start":{"line":55,"column":54},"end":{"line":71,"column":9}},"line":55},"13":{"name":"(anonymous_13)","decl":{"start":{"line":56,"column":44},"end":{"line":56,"column":45}},"loc":{"start":{"line":56,"column":66},"end":{"line":70,"column":13}},"line":56},"14":{"name":"(anonymous_14)","decl":{"start":{"line":65,"column":53},"end":{"line":65,"column":54}},"loc":{"start":{"line":65,"column":65},"end":{"line":67,"column":17}},"line":65},"15":{"name":"(anonymous_15)","decl":{"start":{"line":67,"column":28},"end":{"line":67,"column":29}},"loc":{"start":{"line":67,"column":40},"end":{"line":69,"column":17}},"line":67},"16":{"name":"(anonymous_16)","decl":{"start":{"line":73,"column":40},"end":{"line":73,"column":41}},"loc":{"start":{"line":73,"column":57},"end":{"line":75,"column":5}},"line":73},"17":{"name":"(anonymous_17)","decl":{"start":{"line":76,"column":40},"end":{"line":76,"column":41}},"loc":{"start":{"line":76,"column":57},"end":{"line":78,"column":5}},"line":76}},"branchMap":{"0":{"loc":{"start":{"line":12,"column":8},"end":{"line":14,"column":9}},"type":"if","locations":[{"start":{"line":12,"column":8},"end":{"line":14,"column":9}},{"start":{"line":12,"column":8},"end":{"line":14,"column":9}}],"line":12},"1":{"loc":{"start":{"line":21,"column":16},"end":{"line":26,"column":17}},"type":"if","locations":[{"start":{"line":21,"column":16},"end":{"line":26,"column":17}},{"start":{"line":21,"column":16},"end":{"line":26,"column":17}}],"line":21},"2":{"loc":{"start":{"line":34,"column":16},"end":{"line":39,"column":17}},"type":"if","locations":[{"start":{"line":34,"column":16},"end":{"line":39,"column":17}},{"start":{"line":34,"column":16},"end":{"line":39,"column":17}}],"line":34},"3":{"loc":{"start":{"line":49,"column":16},"end":{"line":49,"column":51}},"type":"cond-expr","locations":[{"start":{"line":49,"column":22},"end":{"line":49,"column":35}},{"start":{"line":49,"column":38},"end":{"line":49,"column":51}}],"line":49},"4":{"loc":{"start":{"line":57,"column":16},"end":{"line":59,"column":17}},"type":"if","locations":[{"start":{"line":57,"column":16},"end":{"line":59,"column":17}},{"start":{"line":57,"column":16},"end":{"line":59,"column":17}}],"line":57}},"s":{"0":1,"1":1,"2":1,"3":1,"4":1,"5":1,"6":1,"7":1,"8":1,"9":1,"10":0,"11":1,"12":1,"13":1,"14":1,"15":1,"16":1,"17":1,"18":0,"19":1,"20":0,"21":0,"22":0,"23":0,"24":0,"25":0,"26":1,"27":0,"28":0,"29":0,"30":0,"31":0,"32":0,"33":1,"34":0,"35":0,"36":0,"37":0,"38":0,"39":0,"40":0,"41":0,"42":0,"43":0,"44":0,"45":0,"46":0,"47":0,"48":1,"49":1,"50":1,"51":0,"52":1,"53":1},"f":{"0":1,"1":1,"2":1,"3":1,"4":1,"5":0,"6":0,"7":0,"8":0,"9":0,"10":0,"11":0,"12":0,"13":0,"14":0,"15":0,"16":1,"17":0},"b":{"0":[0,1],"1":[1,0],"2":[0,0],"3":[0,0],"4":[0,0]},"_coverageSchema":"43e27e138ebf9cfc5966b082cf9a028302ed4184","hash":"1a0a58b6a8e7a3a0cbbc6229d3e227992aa7a4bc"}
}
