TN:
SF:C:\Users\lukeg\IdeaProjects\encrypt-async-cache\src\FileSystemCache.js
FN:7,(anonymous_0)
FN:8,FileSystemCache
FN:16,(anonymous_2)
FN:19,(anonymous_3)
FN:20,(anonymous_4)
FN:30,(anonymous_5)
FN:32,(anonymous_6)
FN:33,(anonymous_7)
FN:43,(anonymous_8)
FN:45,(anonymous_9)
FN:48,(anonymous_10)
FN:53,(anonymous_11)
FN:55,(anonymous_12)
FN:56,(anonymous_13)
FN:65,(anonymous_14)
FN:67,(anonymous_15)
FN:73,(anonymous_16)
FN:76,(anonymous_17)
FNF:18
FNH:6
FNDA:1,(anonymous_0)
FNDA:1,FileSystemCache
FNDA:1,(anonymous_2)
FNDA:1,(anonymous_3)
FNDA:1,(anonymous_4)
FNDA:0,(anonymous_5)
FNDA:0,(anonymous_6)
FNDA:0,(anonymous_7)
FNDA:0,(anonymous_8)
FNDA:0,(anonymous_9)
FNDA:0,(anonymous_10)
FNDA:0,(anonymous_11)
FNDA:0,(anonymous_12)
FNDA:0,(anonymous_13)
FNDA:0,(anonymous_14)
FNDA:0,(anonymous_15)
FNDA:1,(anonymous_16)
FNDA:0,(anonymous_17)
DA:2,1
DA:3,1
DA:4,1
DA:5,1
DA:6,1
DA:7,1
DA:9,1
DA:10,1
DA:11,1
DA:12,1
DA:13,0
DA:16,1
DA:17,1
DA:18,1
DA:19,1
DA:20,1
DA:21,1
DA:22,1
DA:25,0
DA:30,1
DA:31,0
DA:32,0
DA:33,0
DA:34,0
DA:35,0
DA:38,0
DA:43,1
DA:44,0
DA:45,0
DA:46,0
DA:47,0
DA:48,0
DA:49,0
DA:53,1
DA:54,0
DA:55,0
DA:56,0
DA:57,0
DA:58,0
DA:60,0
DA:61,0
DA:62,0
DA:63,0
DA:65,0
DA:66,0
DA:68,0
DA:73,1
DA:74,1
DA:76,1
DA:77,0
DA:79,1
DA:81,1
LF:52
LH:25
BRDA:12,0,0,0
BRDA:12,0,1,1
BRDA:21,1,0,1
BRDA:21,1,1,0
BRDA:34,2,0,0
BRDA:34,2,1,0
BRDA:49,3,0,0
BRDA:49,3,1,0
BRDA:57,4,0,0
BRDA:57,4,1,0
BRF:10
BRH:2
end_of_record
