TN:
SF:/Users/lukegarrigan/Documents/GitHub/async-encrypted-disk-cache/async-encrypted-disk-cache/src/FileSystemCache.js
FN:7,(anonymous_0)
FN:8,FileSystemCache
FN:16,(anonymous_2)
FN:19,(anonymous_3)
FN:20,(anonymous_4)
FN:30,(anonymous_5)
FN:32,(anonymous_6)
FN:33,(anonymous_7)
FN:43,(anonymous_8)
FN:45,(anonymous_9)
FN:48,(anonymous_10)
FN:53,(anonymous_11)
FN:55,(anonymous_12)
FN:56,(anonymous_13)
FN:65,(anonymous_14)
FN:67,(anonymous_15)
FN:73,(anonymous_16)
FN:76,(anonymous_17)
FNF:18
FNH:17
FNDA:2,(anonymous_0)
FNDA:2,FileSystemCache
FNDA:14,(anonymous_2)
FNDA:14,(anonymous_3)
FNDA:14,(anonymous_4)
FNDA:2,(anonymous_5)
FNDA:2,(anonymous_6)
FNDA:2,(anonymous_7)
FNDA:8,(anonymous_8)
FNDA:8,(anonymous_9)
FNDA:8,(anonymous_10)
FNDA:4,(anonymous_11)
FNDA:4,(anonymous_12)
FNDA:4,(anonymous_13)
FNDA:4,(anonymous_14)
FNDA:0,(anonymous_15)
FNDA:14,(anonymous_16)
FNDA:2,(anonymous_17)
DA:2,2
DA:3,2
DA:4,2
DA:5,2
DA:6,2
DA:7,2
DA:9,2
DA:10,2
DA:11,2
DA:12,2
DA:13,0
DA:16,2
DA:17,14
DA:18,14
DA:19,14
DA:20,14
DA:21,14
DA:22,2
DA:25,12
DA:30,2
DA:31,2
DA:32,2
DA:33,2
DA:34,2
DA:35,0
DA:38,2
DA:43,2
DA:44,8
DA:45,8
DA:46,8
DA:47,8
DA:48,8
DA:49,8
DA:53,2
DA:54,4
DA:55,4
DA:56,4
DA:57,4
DA:58,0
DA:60,4
DA:61,4
DA:62,6
DA:63,6
DA:65,4
DA:66,4
DA:68,0
DA:73,2
DA:74,14
DA:76,2
DA:77,2
DA:79,2
DA:81,2
LF:52
LH:48
BRDA:12,0,0,0
BRDA:12,0,1,2
BRDA:21,1,0,2
BRDA:21,1,1,12
BRDA:34,2,0,0
BRDA:34,2,1,2
BRDA:49,3,0,0
BRDA:49,3,1,8
BRDA:57,4,0,0
BRDA:57,4,1,4
BRF:10
BRH:6
end_of_record
